<?xml version="1.0" encoding="UTF-8"?>
<!-- Generated by org.testng.reporters.JUnitReportReporter -->
<testsuite hostname="LAPTOP-M7N055SP" failures="0" tests="1" name="CreateAccount.IeeeSignin" time="31.293" errors="0" timestamp="2021-05-16T01:19:28 IST" skipped="0">
  <testcase classname="CreateAccount.IeeeSignin" name="ExistingEmail" time="31.293"/>
  <system-out/>
</testsuite> <!-- CreateAccount.IeeeSignin -->
